Using pre-set license
Built from '2021.3/staging' branch; Version is '2021.3.40f1 (6fcab7dbbbc1) revision 7326391'; Using compiler version '192829333'; Build Type 'Release'
OS: 'Windows 11  (10.0.22631) 64bit Professional' Language: 'ru' Physical Memory: 14212 MB
BatchMode: 1, IsHumanControllingUs: 0, StartBugReporterOnCrash: 0, Is64bit: 1, IsPro: 1

COMMAND LINE ARGUMENTS:
C:\Program Files\Unity\Hub\Editor\2021.3.40f1\Editor\Unity.exe
-adb2
-batchMode
-noUpm
-name
AssetImportWorker0
-projectPath
D:/UE/Decentrathon
-logFile
Logs/AssetImportWorker0.log
-srvPort
51324
Successfully changed project path to: D:/UE/Decentrathon
D:/UE/Decentrathon
[UnityMemory] Configuration Parameters - Can be set up in boot.config
    "memorysetup-bucket-allocator-granularity=16"
    "memorysetup-bucket-allocator-bucket-count=8"
    "memorysetup-bucket-allocator-block-size=33554432"
    "memorysetup-bucket-allocator-block-count=8"
    "memorysetup-main-allocator-block-size=16777216"
    "memorysetup-thread-allocator-block-size=16777216"
    "memorysetup-gfx-main-allocator-block-size=16777216"
    "memorysetup-gfx-thread-allocator-block-size=16777216"
    "memorysetup-cache-allocator-block-size=4194304"
    "memorysetup-typetree-allocator-block-size=2097152"
    "memorysetup-profiler-bucket-allocator-granularity=16"
    "memorysetup-profiler-bucket-allocator-bucket-count=8"
    "memorysetup-profiler-bucket-allocator-block-size=33554432"
    "memorysetup-profiler-bucket-allocator-block-count=8"
    "memorysetup-profiler-allocator-block-size=16777216"
    "memorysetup-profiler-editor-allocator-block-size=1048576"
    "memorysetup-temp-allocator-size-main=16777216"
    "memorysetup-job-temp-allocator-block-size=2097152"
    "memorysetup-job-temp-allocator-block-size-background=1048576"
    "memorysetup-job-temp-allocator-reduction-small-platforms=262144"
    "memorysetup-temp-allocator-size-background-worker=32768"
    "memorysetup-temp-allocator-size-job-worker=262144"
    "memorysetup-temp-allocator-size-preload-manager=33554432"
    "memorysetup-temp-allocator-size-nav-mesh-worker=65536"
    "memorysetup-temp-allocator-size-audio-worker=65536"
    "memorysetup-temp-allocator-size-cloud-worker=32768"
    "memorysetup-temp-allocator-size-gi-baking-worker=262144"
    "memorysetup-temp-allocator-size-gfx=262144"
Player connection [11164] Host "[IP] 26.140.45.150 [Port] 0 [Flags] 2 [Guid] 1377112217 [EditorId] 1377112217 [Version] 1048832 [Id] WindowsEditor(7,DESKTOP-O8EQ3T0) [Debug] 1 [PackageName] WindowsEditor [ProjectName] Editor" joined multi-casting on [225.0.0.222:54997]...

Player connection [11164] Host "[IP] 26.140.45.150 [Port] 0 [Flags] 2 [Guid] 1377112217 [EditorId] 1377112217 [Version] 1048832 [Id] WindowsEditor(7,DESKTOP-O8EQ3T0) [Debug] 1 [PackageName] WindowsEditor [ProjectName] Editor" joined alternative multi-casting on [225.0.0.222:34997]...

[Physics::Module] Initialized MultithreadedJobDispatcher with {0} workers.
Refreshing native plugins compatible for Editor in 177.69 ms, found 3 plugins.
Preloading 0 native plugins for Editor in 0.00 ms.
Initialize engine version: 2021.3.40f1 (6fcab7dbbbc1)
[Subsystems] Discovering subsystems at path C:/Program Files/Unity/Hub/Editor/2021.3.40f1/Editor/Data/Resources/UnitySubsystems
[Subsystems] Discovering subsystems at path D:/UE/Decentrathon/Assets
GfxDevice: creating device client; threaded=0; jobified=0
Direct3D:
    Version:  Direct3D 11.0 [level 11.1]
    Renderer: AMD Radeon(TM) Vega 8 Graphics (ID=0x15d8)
    Vendor:   ATI
    VRAM:     7106 MB
    Driver:   26.20.14046.3
Initialize mono
Mono path[0] = 'C:/Program Files/Unity/Hub/Editor/2021.3.40f1/Editor/Data/Managed'
Mono path[1] = 'C:/Program Files/Unity/Hub/Editor/2021.3.40f1/Editor/Data/MonoBleedingEdge/lib/mono/unityjit-win32'
Mono config path = 'C:/Program Files/Unity/Hub/Editor/2021.3.40f1/Editor/Data/MonoBleedingEdge/etc'
Using monoOptions --debugger-agent=transport=dt_socket,embedding=1,server=y,suspend=n,address=127.0.0.1:56812
Begin MonoManager ReloadAssembly
Registering precompiled unity dll's ...
Register platform support module: C:/Program Files/Unity/Hub/Editor/2021.3.40f1/Editor/Data/PlaybackEngines/WebGLSupport/UnityEditor.WebGL.Extensions.dll
Register platform support module: C:/Program Files/Unity/Hub/Editor/2021.3.40f1/Editor/Data/PlaybackEngines/AndroidPlayer/UnityEditor.Android.Extensions.dll
Register platform support module: C:/Program Files/Unity/Hub/Editor/2021.3.40f1/Editor/Data/PlaybackEngines/WindowsStandaloneSupport/UnityEditor.WindowsStandalone.Extensions.dll
Register platform support module: C:/Program Files/Unity/Hub/Editor/2021.3.40f1/Editor/Data/PlaybackEngines/MetroSupport/UnityEditor.UWP.Extensions.dll
Registered in 0.023596 seconds.
Native extension for UWP target not found
Native extension for WindowsStandalone target not found
Native extension for Android target not found
Android Extension - Scanning For ADB Devices 659 ms
Native extension for WebGL target not found
Refreshing native plugins compatible for Editor in 211.03 ms, found 3 plugins.
Preloading 0 native plugins for Editor in 0.00 ms.
Mono: successfully reloaded assembly
- Completed reload, in  2.693 seconds
Domain Reload Profiling:
	ReloadAssembly (2693ms)
		BeginReloadAssembly (282ms)
			ExecutionOrderSort (0ms)
			DisableScriptedObjects (0ms)
			BackupInstance (0ms)
			ReleaseScriptingObjects (0ms)
			CreateAndSetChildDomain (2ms)
		EndReloadAssembly (2117ms)
			LoadAssemblies (281ms)
			RebuildTransferFunctionScriptingTraits (0ms)
			SetupTypeCache (372ms)
			ReleaseScriptCaches (0ms)
			RebuildScriptCaches (101ms)
			SetupLoadedEditorAssemblies (1523ms)
				LogAssemblyErrors (0ms)
				InitializePlatformSupportModulesInManaged (876ms)
				SetLoadedEditorAssemblies (0ms)
				RefreshPlugins (211ms)
				BeforeProcessingInitializeOnLoad (4ms)
				ProcessInitializeOnLoadAttributes (327ms)
				ProcessInitializeOnLoadMethodAttributes (104ms)
				AfterProcessingInitializeOnLoad (0ms)
				EditorAssembliesLoaded (0ms)
			ExecutionOrderSort2 (0ms)
			AwakeInstancesAfterBackupRestoration (0ms)
Platform modules already initialized, skipping
Registering precompiled user dll's ...
Registered in 0.004691 seconds.
Begin MonoManager ReloadAssembly
Native extension for UWP target not found
Native extension for WindowsStandalone target not found
Native extension for Android target not found
Native extension for WebGL target not found
Refreshing native plugins compatible for Editor in 1.90 ms, found 3 plugins.
Preloading 0 native plugins for Editor in 0.00 ms.
Package Manager log level set to [2]
[Package Manager] Server::EnsureServerProcessIsRunning -- launch failed, reason: Unity was launched with the -noUpm command-line argument
[Package Manager] Cannot connect to Unity Package Manager local server
Mono: successfully reloaded assembly
- Completed reload, in  3.822 seconds
Domain Reload Profiling:
	ReloadAssembly (3824ms)
		BeginReloadAssembly (433ms)
			ExecutionOrderSort (0ms)
			DisableScriptedObjects (11ms)
			BackupInstance (0ms)
			ReleaseScriptingObjects (0ms)
			CreateAndSetChildDomain (71ms)
		EndReloadAssembly (3045ms)
			LoadAssemblies (331ms)
			RebuildTransferFunctionScriptingTraits (0ms)
			SetupTypeCache (932ms)
			ReleaseScriptCaches (1ms)
			RebuildScriptCaches (135ms)
			SetupLoadedEditorAssemblies (1617ms)
				LogAssemblyErrors (0ms)
				InitializePlatformSupportModulesInManaged (88ms)
				SetLoadedEditorAssemblies (1ms)
				RefreshPlugins (2ms)
				BeforeProcessingInitializeOnLoad (244ms)
				ProcessInitializeOnLoadAttributes (1197ms)
				ProcessInitializeOnLoadMethodAttributes (61ms)
				AfterProcessingInitializeOnLoad (23ms)
				EditorAssembliesLoaded (1ms)
			ExecutionOrderSort2 (0ms)
			AwakeInstancesAfterBackupRestoration (24ms)
Platform modules already initialized, skipping
========================================================================
Worker process is ready to serve import requests
Launched and connected shader compiler UnityShaderCompiler.exe after 0.14 seconds
Refreshing native plugins compatible for Editor in 1.21 ms, found 3 plugins.
Preloading 0 native plugins for Editor in 0.00 ms.
Unloading 3094 Unused Serialized files (Serialized files now loaded: 0)
Unloading 24 unused Assets / (46.4 KB). Loaded Objects now: 3559.
Memory consumption went from 112.4 MB to 112.3 MB.
Total: 6.433800 ms (FindLiveObjects: 0.542200 ms CreateObjectMapping: 0.455700 ms MarkObjects: 5.248400 ms  DeleteObjects: 0.184900 ms)

AssetImportParameters requested are different than current active one (requested -> active):
  custom:video-decoder-ogg-theora: a1e56fd34408186e4bbccfd4996cb3dc -> 
  custom:container-muxer-webm: aa71ff27fc2769a1b78a27578f13a17b -> 
  custom:container-demuxer-webm: 4f35f7cbe854078d1ac9338744f61a02 -> 
  custom:video-encoder-webm-vp8: eb34c28f22e8b96e1ab97ce403110664 -> 
  custom:CustomObjectIndexerAttribute: bc11b3a6c3213fcdd17b65e7da85e133 -> 
  custom:audio-encoder-webm-vorbis: bf7c407c2cedff20999df2af8eb42d56 -> 
  custom:framework-win-MediaFoundation: 216162199b28c13a410421893ffa2e32 -> 
  custom:SearchIndexIgnoredProperties: e643bd26f0fe6173181afceb89e7c659 -> 
  custom:container-demuxer-ogg: 62fdf1f143b41e24485cea50d1cbac27 -> 
  custom:video-decoder-webm-vp8: 9c59270c3fd7afecdb556c50c9e8de78 -> 
  custom:audio-decoder-ogg-vorbis: bf7c407c2cedff20999df2af8eb42d56 -> 
========================================================================
Received Import Request.
  Time since last request: 707294.695199 seconds.
  path: Assets/ImportingAssets/SimplePoly City - Low Poly Assets/Prefab/Natures/Natures_Grass Tile.prefab
  artifactKey: Guid(b74c48c2e73e17c418c9394124b75daf) Importer(815301076,1909f56bfc062723c751e8b465ee728b)
Number of updated assets reloaded before import = 0
Start importing Assets/ImportingAssets/SimplePoly City - Low Poly Assets/Prefab/Natures/Natures_Grass Tile.prefab using Guid(b74c48c2e73e17c418c9394124b75daf) Importer(815301076,1909f56bfc062723c751e8b465ee728b)  -> (artifact id: 'ad357b7cf193d75cfb16324e1df82c02') in 0.270169 seconds 
Number of asset objects unloaded after import = 10
========================================================================
Received Prepare
Registering precompiled user dll's ...
Registered in 0.008408 seconds.
Begin MonoManager ReloadAssembly
Native extension for UWP target not found
Native extension for WindowsStandalone target not found
Native extension for Android target not found
Native extension for WebGL target not found
Refreshing native plugins compatible for Editor in 2.46 ms, found 3 plugins.
Preloading 0 native plugins for Editor in 0.00 ms.
[Package Manager] Server::EnsureServerProcessIsRunning -- launch failed, reason: Unity was launched with the -noUpm command-line argument
[Package Manager] Cannot connect to Unity Package Manager local server
Mono: successfully reloaded assembly
- Completed reload, in  3.421 seconds
Domain Reload Profiling:
	ReloadAssembly (3424ms)
		BeginReloadAssembly (409ms)
			ExecutionOrderSort (0ms)
			DisableScriptedObjects (16ms)
			BackupInstance (0ms)
			ReleaseScriptingObjects (0ms)
			CreateAndSetChildDomain (118ms)
		EndReloadAssembly (2732ms)
			LoadAssemblies (255ms)
			RebuildTransferFunctionScriptingTraits (0ms)
			SetupTypeCache (806ms)
			ReleaseScriptCaches (4ms)
			RebuildScriptCaches (115ms)
			SetupLoadedEditorAssemblies (1432ms)
				LogAssemblyErrors (0ms)
				InitializePlatformSupportModulesInManaged (60ms)
				SetLoadedEditorAssemblies (2ms)
				RefreshPlugins (3ms)
				BeforeProcessingInitializeOnLoad (139ms)
				ProcessInitializeOnLoadAttributes (1140ms)
				ProcessInitializeOnLoadMethodAttributes (63ms)
				AfterProcessingInitializeOnLoad (24ms)
				EditorAssembliesLoaded (1ms)
			ExecutionOrderSort2 (0ms)
			AwakeInstancesAfterBackupRestoration (26ms)
Platform modules already initialized, skipping
Refreshing native plugins compatible for Editor in 2.46 ms, found 3 plugins.
Preloading 0 native plugins for Editor in 0.00 ms.
Unloading 3086 Unused Serialized files (Serialized files now loaded: 0)
Unloading 19 unused Assets / (21.9 KB). Loaded Objects now: 3569.
Memory consumption went from 112.1 MB to 112.0 MB.
Total: 8.076300 ms (FindLiveObjects: 0.510700 ms CreateObjectMapping: 0.561200 ms MarkObjects: 6.949800 ms  DeleteObjects: 0.052600 ms)

AssetImportParameters requested are different than current active one (requested -> active):
  custom:video-decoder-ogg-theora: a1e56fd34408186e4bbccfd4996cb3dc -> 
  custom:container-muxer-webm: aa71ff27fc2769a1b78a27578f13a17b -> 
  custom:container-demuxer-webm: 4f35f7cbe854078d1ac9338744f61a02 -> 
  custom:video-encoder-webm-vp8: eb34c28f22e8b96e1ab97ce403110664 -> 
  custom:CustomObjectIndexerAttribute: bc11b3a6c3213fcdd17b65e7da85e133 -> 
  custom:audio-encoder-webm-vorbis: bf7c407c2cedff20999df2af8eb42d56 -> 
  custom:framework-win-MediaFoundation: 216162199b28c13a410421893ffa2e32 -> 
  custom:SearchIndexIgnoredProperties: e643bd26f0fe6173181afceb89e7c659 -> 
  custom:container-demuxer-ogg: 62fdf1f143b41e24485cea50d1cbac27 -> 
  custom:video-decoder-webm-vp8: 9c59270c3fd7afecdb556c50c9e8de78 -> 
  custom:audio-decoder-ogg-vorbis: bf7c407c2cedff20999df2af8eb42d56 -> 
========================================================================
Received Prepare
Registering precompiled user dll's ...
Registered in 0.004202 seconds.
Begin MonoManager ReloadAssembly
Native extension for UWP target not found
Native extension for WindowsStandalone target not found
Native extension for Android target not found
Native extension for WebGL target not found
Refreshing native plugins compatible for Editor in 2.49 ms, found 3 plugins.
Preloading 0 native plugins for Editor in 0.00 ms.
[Package Manager] Server::EnsureServerProcessIsRunning -- launch failed, reason: Unity was launched with the -noUpm command-line argument
[Package Manager] Cannot connect to Unity Package Manager local server
Mono: successfully reloaded assembly
- Completed reload, in  3.288 seconds
Domain Reload Profiling:
	ReloadAssembly (3289ms)
		BeginReloadAssembly (396ms)
			ExecutionOrderSort (0ms)
			DisableScriptedObjects (11ms)
			BackupInstance (0ms)
			ReleaseScriptingObjects (0ms)
			CreateAndSetChildDomain (96ms)
		EndReloadAssembly (2615ms)
			LoadAssemblies (288ms)
			RebuildTransferFunctionScriptingTraits (0ms)
			SetupTypeCache (685ms)
			ReleaseScriptCaches (2ms)
			RebuildScriptCaches (145ms)
			SetupLoadedEditorAssemblies (1410ms)
				LogAssemblyErrors (0ms)
				InitializePlatformSupportModulesInManaged (82ms)
				SetLoadedEditorAssemblies (2ms)
				RefreshPlugins (3ms)
				BeforeProcessingInitializeOnLoad (152ms)
				ProcessInitializeOnLoadAttributes (1064ms)
				ProcessInitializeOnLoadMethodAttributes (84ms)
				AfterProcessingInitializeOnLoad (21ms)
				EditorAssembliesLoaded (0ms)
			ExecutionOrderSort2 (0ms)
			AwakeInstancesAfterBackupRestoration (25ms)
Platform modules already initialized, skipping
Refreshing native plugins compatible for Editor in 2.06 ms, found 3 plugins.
Preloading 0 native plugins for Editor in 0.00 ms.
Unloading 3086 Unused Serialized files (Serialized files now loaded: 0)
Unloading 19 unused Assets / (21.9 KB). Loaded Objects now: 3572.
Memory consumption went from 112.1 MB to 112.0 MB.
Total: 8.234000 ms (FindLiveObjects: 0.503700 ms CreateObjectMapping: 0.467000 ms MarkObjects: 7.216900 ms  DeleteObjects: 0.044300 ms)

AssetImportParameters requested are different than current active one (requested -> active):
  custom:video-decoder-ogg-theora: a1e56fd34408186e4bbccfd4996cb3dc -> 
  custom:container-muxer-webm: aa71ff27fc2769a1b78a27578f13a17b -> 
  custom:container-demuxer-webm: 4f35f7cbe854078d1ac9338744f61a02 -> 
  custom:video-encoder-webm-vp8: eb34c28f22e8b96e1ab97ce403110664 -> 
  custom:CustomObjectIndexerAttribute: bc11b3a6c3213fcdd17b65e7da85e133 -> 
  custom:audio-encoder-webm-vorbis: bf7c407c2cedff20999df2af8eb42d56 -> 
  custom:framework-win-MediaFoundation: 216162199b28c13a410421893ffa2e32 -> 
  custom:SearchIndexIgnoredProperties: e643bd26f0fe6173181afceb89e7c659 -> 
  custom:container-demuxer-ogg: 62fdf1f143b41e24485cea50d1cbac27 -> 
  custom:video-decoder-webm-vp8: 9c59270c3fd7afecdb556c50c9e8de78 -> 
  custom:audio-decoder-ogg-vorbis: bf7c407c2cedff20999df2af8eb42d56 -> 
========================================================================
Received Import Request.
  Time since last request: 299.960547 seconds.
  path: Assets/ImportingAssets/DenysAlmaral/CityPeopleLite/Animations
  artifactKey: Guid(35511a518699ffc459e949337821c705) Importer(815301076,1909f56bfc062723c751e8b465ee728b)
Number of updated assets reloaded before import = 0
Start importing Assets/ImportingAssets/DenysAlmaral/CityPeopleLite/Animations using Guid(35511a518699ffc459e949337821c705) Importer(815301076,1909f56bfc062723c751e8b465ee728b)  -> (artifact id: '555ad6565b81dff32e65d092f4b958f4') in 0.036376 seconds 
Number of asset objects unloaded after import = 0
========================================================================
Received Import Request.
  Time since last request: 4.319074 seconds.
  path: Assets/ImportingAssets/DenysAlmaral/CityPeopleLite/Prefabs/casual_Female_G.prefab
  artifactKey: Guid(bae26acf817c6dc4e82f95d9ef4ab46a) Importer(815301076,1909f56bfc062723c751e8b465ee728b)
Number of updated assets reloaded before import = 0
Start importing Assets/ImportingAssets/DenysAlmaral/CityPeopleLite/Prefabs/casual_Female_G.prefab using Guid(bae26acf817c6dc4e82f95d9ef4ab46a) Importer(815301076,1909f56bfc062723c751e8b465ee728b)  -> (artifact id: '11725397cca65aca267b8e61980576a7') in 0.358813 seconds 
Number of asset objects unloaded after import = 89
========================================================================
Received Import Request.
  Time since last request: 0.000066 seconds.
  path: Assets/ImportingAssets/DenysAlmaral/CityPeopleLite/Prefabs/little_boy_B.prefab
  artifactKey: Guid(87a7b985b15a4244091de35d7df9169a) Importer(815301076,1909f56bfc062723c751e8b465ee728b)
Number of updated assets reloaded before import = 0
Start importing Assets/ImportingAssets/DenysAlmaral/CityPeopleLite/Prefabs/little_boy_B.prefab using Guid(87a7b985b15a4244091de35d7df9169a) Importer(815301076,1909f56bfc062723c751e8b465ee728b)  -> (artifact id: '48cf3ad2cfea4e61c172410ae61a0352') in 0.202636 seconds 
Number of asset objects unloaded after import = 94
========================================================================
Received Import Request.
  Time since last request: 0.000163 seconds.
  path: Assets/ImportingAssets/DenysAlmaral/CityPeopleLite/Prefabs/Doctor_Male_B.prefab
  artifactKey: Guid(314b13a2c4f89c74299eabc2a4c725c7) Importer(815301076,1909f56bfc062723c751e8b465ee728b)
Number of updated assets reloaded before import = 0
Start importing Assets/ImportingAssets/DenysAlmaral/CityPeopleLite/Prefabs/Doctor_Male_B.prefab using Guid(314b13a2c4f89c74299eabc2a4c725c7) Importer(815301076,1909f56bfc062723c751e8b465ee728b)  -> (artifact id: '60674f9d41d320da59b0b76245db9669') in 0.182386 seconds 
Number of asset objects unloaded after import = 94
========================================================================
Received Import Request.
  Time since last request: 0.000044 seconds.
  path: Assets/ImportingAssets/DenysAlmaral/CityPeopleLite/Prefabs/casual_Male_G.prefab
  artifactKey: Guid(f71041fd118fbb34aa9d2dd6a1d96fce) Importer(815301076,1909f56bfc062723c751e8b465ee728b)
Number of updated assets reloaded before import = 0
Start importing Assets/ImportingAssets/DenysAlmaral/CityPeopleLite/Prefabs/casual_Male_G.prefab using Guid(f71041fd118fbb34aa9d2dd6a1d96fce) Importer(815301076,1909f56bfc062723c751e8b465ee728b)  -> (artifact id: 'cbc2126e06f3af85cda7b7522226f842') in 0.149941 seconds 
Number of asset objects unloaded after import = 90
========================================================================
Received Import Request.
  Time since last request: 7.009409 seconds.
  path: Assets/ImportingAssets/DenysAlmaral/CityPeopleLite/Demo_Scenes/Scripts/City F Animator.controller
  artifactKey: Guid(afe9de63454bbd448a9886ad5a285ae7) Importer(815301076,1909f56bfc062723c751e8b465ee728b)
Number of updated assets reloaded before import = 0
Start importing Assets/ImportingAssets/DenysAlmaral/CityPeopleLite/Demo_Scenes/Scripts/City F Animator.controller using Guid(afe9de63454bbd448a9886ad5a285ae7) Importer(815301076,1909f56bfc062723c751e8b465ee728b)  -> (artifact id: '9b08ac75b10fc94952fd3ac15e807068') in 0.185531 seconds 
Number of asset objects unloaded after import = 14
========================================================================
Received Import Request.
  Time since last request: 2.773944 seconds.
  path: Assets/ImportingAssets/DenysAlmaral/CityPeopleLite/Demo_Scenes/Scripts/City F Animator 1.controller
  artifactKey: Guid(8af5f316d2e39464ab665b30ccb92e2d) Importer(815301076,1909f56bfc062723c751e8b465ee728b)
Number of updated assets reloaded before import = 0
Start importing Assets/ImportingAssets/DenysAlmaral/CityPeopleLite/Demo_Scenes/Scripts/City F Animator 1.controller using Guid(8af5f316d2e39464ab665b30ccb92e2d) Importer(815301076,1909f56bfc062723c751e8b465ee728b)  -> (artifact id: '4011323f4ffee40ad94be386c9458e89') in 0.181809 seconds 
Number of asset objects unloaded after import = 14
========================================================================
Received Import Request.
  Time since last request: 44.345311 seconds.
  path: Assets/ImportingAssets/DenysAlmaral/CityPeopleLite/Prefabs/casual_Female_G.prefab
  artifactKey: Guid(bae26acf817c6dc4e82f95d9ef4ab46a) Importer(815301076,1909f56bfc062723c751e8b465ee728b)
Number of updated assets reloaded before import = 0
Start importing Assets/ImportingAssets/DenysAlmaral/CityPeopleLite/Prefabs/casual_Female_G.prefab using Guid(bae26acf817c6dc4e82f95d9ef4ab46a) Importer(815301076,1909f56bfc062723c751e8b465ee728b)  -> (artifact id: 'a32b2c7f09ea0f8d86af5de91ec50255') in 0.183132 seconds 
Number of asset objects unloaded after import = 88
========================================================================
Received Import Request.
  Time since last request: 0.000055 seconds.
  path: Assets/ImportingAssets/DenysAlmaral/CityPeopleLite/Prefabs/elder_Female_A.prefab
  artifactKey: Guid(bcc8732b8b44622449c23934f89e68c0) Importer(815301076,1909f56bfc062723c751e8b465ee728b)
Number of updated assets reloaded before import = 0
Start importing Assets/ImportingAssets/DenysAlmaral/CityPeopleLite/Prefabs/elder_Female_A.prefab using Guid(bcc8732b8b44622449c23934f89e68c0) Importer(815301076,1909f56bfc062723c751e8b465ee728b)  -> (artifact id: 'b96f03a6220e8612386813e4a3a4c63e') in 0.203291 seconds 
Number of asset objects unloaded after import = 96
========================================================================
Received Import Request.
  Time since last request: 5.108796 seconds.
  path: Assets/ImportingAssets/DenysAlmaral/CityPeopleLite/Demo_Scenes/Demo
  artifactKey: Guid(af0b28f762c2a104b8f69d34d89199ec) Importer(815301076,1909f56bfc062723c751e8b465ee728b)
Number of updated assets reloaded before import = 0
Start importing Assets/ImportingAssets/DenysAlmaral/CityPeopleLite/Demo_Scenes/Demo using Guid(af0b28f762c2a104b8f69d34d89199ec) Importer(815301076,1909f56bfc062723c751e8b465ee728b)  -> (artifact id: '97878e790410b87acf6408f166609a06') in 0.033647 seconds 
Number of asset objects unloaded after import = 0
========================================================================
Received Import Request.
  Time since last request: 0.041461 seconds.
  path: Assets/ImportingAssets/DenysAlmaral/CityPeopleLite/Demo_Scenes/Demo/LightingData.asset
  artifactKey: Guid(4c32604ba08c0e74a93dab10ce0e2137) Importer(815301076,1909f56bfc062723c751e8b465ee728b)
Number of updated assets reloaded before import = 0
Start importing Assets/ImportingAssets/DenysAlmaral/CityPeopleLite/Demo_Scenes/Demo/LightingData.asset using Guid(4c32604ba08c0e74a93dab10ce0e2137) Importer(815301076,1909f56bfc062723c751e8b465ee728b)  -> (artifact id: 'a3b1b202348629333afb25394ccb5bad') in 0.027309 seconds 
Number of asset objects unloaded after import = 2
========================================================================
Received Import Request.
  Time since last request: 2.834286 seconds.
  path: Assets/ImportingAssets/DenysAlmaral/CityPeopleLite/Demo_Scenes/Scripts
  artifactKey: Guid(538b9cbd5556e274d99dc887c778f64e) Importer(815301076,1909f56bfc062723c751e8b465ee728b)
Number of updated assets reloaded before import = 0
Start importing Assets/ImportingAssets/DenysAlmaral/CityPeopleLite/Demo_Scenes/Scripts using Guid(538b9cbd5556e274d99dc887c778f64e) Importer(815301076,1909f56bfc062723c751e8b465ee728b)  -> (artifact id: 'f565f6e520764ba44fca4fc12afbf20c') in 0.023849 seconds 
Number of asset objects unloaded after import = 0
========================================================================
Received Import Request.
  Time since last request: 3.071566 seconds.
  path: Assets/ImportingAssets/DenysAlmaral/CityPeopleLite/Demo_Scenes/Scripts/City F Animator.controller
  artifactKey: Guid(afe9de63454bbd448a9886ad5a285ae7) Importer(815301076,1909f56bfc062723c751e8b465ee728b)
Number of updated assets reloaded before import = 0
Start importing Assets/ImportingAssets/DenysAlmaral/CityPeopleLite/Demo_Scenes/Scripts/City F Animator.controller using Guid(afe9de63454bbd448a9886ad5a285ae7) Importer(815301076,1909f56bfc062723c751e8b465ee728b)  -> (artifact id: 'b800f95b9e77f547a6f6c521857919fd') in 0.156473 seconds 
Number of asset objects unloaded after import = 13
========================================================================
Received Import Request.
  Time since last request: 32.054423 seconds.
  path: Assets/ImportingAssets/DenysAlmaral/CityPeopleLite/Demo_Scenes/Scripts/City F B.controller
  artifactKey: Guid(afe9de63454bbd448a9886ad5a285ae7) Importer(815301076,1909f56bfc062723c751e8b465ee728b)
Number of updated assets reloaded before import = 0
Start importing Assets/ImportingAssets/DenysAlmaral/CityPeopleLite/Demo_Scenes/Scripts/City F B.controller using Guid(afe9de63454bbd448a9886ad5a285ae7) Importer(815301076,1909f56bfc062723c751e8b465ee728b)  -> (artifact id: 'dd4f37e1afcac3c11ae1ec2ebe214bf1') in 0.166358 seconds 
Number of asset objects unloaded after import = 13
========================================================================
Received Prepare
Registering precompiled user dll's ...
Registered in 0.006255 seconds.
Begin MonoManager ReloadAssembly
Native extension for UWP target not found
Native extension for WindowsStandalone target not found
Native extension for Android target not found
Native extension for WebGL target not found
Refreshing native plugins compatible for Editor in 1.15 ms, found 3 plugins.
Preloading 0 native plugins for Editor in 0.00 ms.
[Package Manager] Server::EnsureServerProcessIsRunning -- launch failed, reason: Unity was launched with the -noUpm command-line argument
[Package Manager] Cannot connect to Unity Package Manager local server
Mono: successfully reloaded assembly
- Completed reload, in  3.205 seconds
Domain Reload Profiling:
	ReloadAssembly (3208ms)
		BeginReloadAssembly (412ms)
			ExecutionOrderSort (0ms)
			DisableScriptedObjects (22ms)
			BackupInstance (0ms)
			ReleaseScriptingObjects (0ms)
			CreateAndSetChildDomain (91ms)
		EndReloadAssembly (2538ms)
			LoadAssemblies (272ms)
			RebuildTransferFunctionScriptingTraits (0ms)
			SetupTypeCache (728ms)
			ReleaseScriptCaches (3ms)
			RebuildScriptCaches (154ms)
			SetupLoadedEditorAssemblies (1365ms)
				LogAssemblyErrors (0ms)
				InitializePlatformSupportModulesInManaged (66ms)
				SetLoadedEditorAssemblies (1ms)
				RefreshPlugins (1ms)
				BeforeProcessingInitializeOnLoad (130ms)
				ProcessInitializeOnLoadAttributes (1111ms)
				ProcessInitializeOnLoadMethodAttributes (34ms)
				AfterProcessingInitializeOnLoad (21ms)
				EditorAssembliesLoaded (0ms)
			ExecutionOrderSort2 (0ms)
			AwakeInstancesAfterBackupRestoration (18ms)
Platform modules already initialized, skipping
Refreshing native plugins compatible for Editor in 1.25 ms, found 3 plugins.
Preloading 0 native plugins for Editor in 0.00 ms.
Unloading 3086 Unused Serialized files (Serialized files now loaded: 0)
Unloading 19 unused Assets / (21.9 KB). Loaded Objects now: 3576.
Memory consumption went from 124.7 MB to 124.7 MB.
Total: 7.610800 ms (FindLiveObjects: 0.821600 ms CreateObjectMapping: 0.392800 ms MarkObjects: 6.337000 ms  DeleteObjects: 0.056700 ms)

AssetImportParameters requested are different than current active one (requested -> active):
  custom:video-decoder-ogg-theora: a1e56fd34408186e4bbccfd4996cb3dc -> 
  custom:container-muxer-webm: aa71ff27fc2769a1b78a27578f13a17b -> 
  custom:container-demuxer-webm: 4f35f7cbe854078d1ac9338744f61a02 -> 
  custom:video-encoder-webm-vp8: eb34c28f22e8b96e1ab97ce403110664 -> 
  custom:CustomObjectIndexerAttribute: bc11b3a6c3213fcdd17b65e7da85e133 -> 
  custom:audio-encoder-webm-vorbis: bf7c407c2cedff20999df2af8eb42d56 -> 
  custom:framework-win-MediaFoundation: 216162199b28c13a410421893ffa2e32 -> 
  custom:SearchIndexIgnoredProperties: e643bd26f0fe6173181afceb89e7c659 -> 
  custom:container-demuxer-ogg: 62fdf1f143b41e24485cea50d1cbac27 -> 
  custom:video-decoder-webm-vp8: 9c59270c3fd7afecdb556c50c9e8de78 -> 
  custom:audio-decoder-ogg-vorbis: bf7c407c2cedff20999df2af8eb42d56 -> 
